<?xml version="1.0" encoding="UTF-8"?>
<!-- Generated by org.testng.reporters.JUnitXMLReporter -->
<testsuite ignored="0" hostname="Jaga-Laptop" failures="1" tests="1" name="GoibiboTest" time="9.328" errors="0" timestamp="10 Sep 2021 12:35:12 GMT">
  <testcase classname="io.cucumber.testng.AbstractTestNGCucumberTests" name="runScenario" time="4.998">
    <failure type="java.lang.AssertionError" message="expected [false] but found [true]">
      <![CDATA[java.lang.AssertionError: expected [false] but found [true]
at com.qa.test.base.TestBase.invokeBrowser(TestBase.java:62)
at com.qa.test.base.TestBase.before(TestBase.java:71)
... Removed 4 stack frames]]>
    </failure>
  </testcase> <!-- runScenario -->
</testsuite> <!-- GoibiboTest -->
